CRITICAL - 2023-09-17 15:08:28 --> Undefined array key "Action"
in APPPATH\Views\main.php on line 28.
 1 APPPATH\Views\main.php(28): CodeIgniter\Debug\Exceptions->errorHandler(2, 'Undefined array key "Action"', 'C:\\laragon\\www\\buninoun\\app\\Views\\main.php', 28)
 2 SYSTEMPATH\View\View.php(226): include('C:\\laragon\\www\\buninoun\\app\\Views\\main.php')
 3 SYSTEMPATH\View\View.php(229): CodeIgniter\View\View->CodeIgniter\View\{closure}()
 4 SYSTEMPATH\Common.php(1188): CodeIgniter\View\View->render('main', [], true)
 5 APPPATH\Controllers\MainController.php(35): view('main', [...])
 6 SYSTEMPATH\CodeIgniter.php(919): App\Controllers\MainController->index()
 7 SYSTEMPATH\CodeIgniter.php(494): CodeIgniter\CodeIgniter->runController(Object(App\Controllers\MainController))
 8 SYSTEMPATH\CodeIgniter.php(353): CodeIgniter\CodeIgniter->handleRequest(null, Object(Config\Cache), false)
 9 FCPATH\index.php(79): CodeIgniter\CodeIgniter->run()
10 SYSTEMPATH\Commands\Server\rewrite.php(47): require_once('C:\\laragon\\www\\buninoun\\public\\index.php')
CRITICAL - 2023-09-17 15:46:34 --> Undefined variable $main
in APPPATH\Views\add.php on line 9.
 1 APPPATH\Views\add.php(9): CodeIgniter\Debug\Exceptions->errorHandler(2, 'Undefined variable $main', 'C:\\laragon\\www\\buninoun\\app\\Views\\add.php', 9)
 2 SYSTEMPATH\View\View.php(226): include('C:\\laragon\\www\\buninoun\\app\\Views\\add.php')
 3 SYSTEMPATH\View\View.php(229): CodeIgniter\View\View->CodeIgniter\View\{closure}()
 4 SYSTEMPATH\Common.php(1188): CodeIgniter\View\View->render('add', [], true)
 5 APPPATH\Controllers\MainController.php(25): view('add')
 6 SYSTEMPATH\CodeIgniter.php(919): App\Controllers\MainController->add()
 7 SYSTEMPATH\CodeIgniter.php(494): CodeIgniter\CodeIgniter->runController(Object(App\Controllers\MainController))
 8 SYSTEMPATH\CodeIgniter.php(353): CodeIgniter\CodeIgniter->handleRequest(null, Object(Config\Cache), false)
 9 FCPATH\index.php(79): CodeIgniter\CodeIgniter->run()
10 SYSTEMPATH\Commands\Server\rewrite.php(47): require_once('C:\\laragon\\www\\buninoun\\public\\index.php')
CRITICAL - 2023-09-17 15:46:48 --> Undefined variable $main
in APPPATH\Views\add.php on line 9.
 1 APPPATH\Views\add.php(9): CodeIgniter\Debug\Exceptions->errorHandler(2, 'Undefined variable $main', 'C:\\laragon\\www\\buninoun\\app\\Views\\add.php', 9)
 2 SYSTEMPATH\View\View.php(226): include('C:\\laragon\\www\\buninoun\\app\\Views\\add.php')
 3 SYSTEMPATH\View\View.php(229): CodeIgniter\View\View->CodeIgniter\View\{closure}()
 4 SYSTEMPATH\Common.php(1188): CodeIgniter\View\View->render('add', [], true)
 5 APPPATH\Controllers\MainController.php(25): view('add')
 6 SYSTEMPATH\CodeIgniter.php(919): App\Controllers\MainController->add()
 7 SYSTEMPATH\CodeIgniter.php(494): CodeIgniter\CodeIgniter->runController(Object(App\Controllers\MainController))
 8 SYSTEMPATH\CodeIgniter.php(353): CodeIgniter\CodeIgniter->handleRequest(null, Object(Config\Cache), false)
 9 FCPATH\index.php(79): CodeIgniter\CodeIgniter->run()
10 SYSTEMPATH\Commands\Server\rewrite.php(47): require_once('C:\\laragon\\www\\buninoun\\public\\index.php')
CRITICAL - 2023-09-17 15:47:22 --> Undefined property: CodeIgniter\View\View::$main
in APPPATH\Views\add.php on line 9.
 1 APPPATH\Views\add.php(9): CodeIgniter\Debug\Exceptions->errorHandler(2, 'Undefined property: CodeIgniter\\View\\View::$main', 'C:\\laragon\\www\\buninoun\\app\\Views\\add.php', 9)
 2 SYSTEMPATH\View\View.php(226): include('C:\\laragon\\www\\buninoun\\app\\Views\\add.php')
 3 SYSTEMPATH\View\View.php(229): CodeIgniter\View\View->CodeIgniter\View\{closure}()
 4 SYSTEMPATH\Common.php(1188): CodeIgniter\View\View->render('add', [], true)
 5 APPPATH\Controllers\MainController.php(25): view('add')
 6 SYSTEMPATH\CodeIgniter.php(919): App\Controllers\MainController->add()
 7 SYSTEMPATH\CodeIgniter.php(494): CodeIgniter\CodeIgniter->runController(Object(App\Controllers\MainController))
 8 SYSTEMPATH\CodeIgniter.php(353): CodeIgniter\CodeIgniter->handleRequest(null, Object(Config\Cache), false)
 9 FCPATH\index.php(79): CodeIgniter\CodeIgniter->run()
10 SYSTEMPATH\Commands\Server\rewrite.php(47): require_once('C:\\laragon\\www\\buninoun\\public\\index.php')
CRITICAL - 2023-09-17 15:48:16 --> Undefined property: CodeIgniter\View\View::$main
in APPPATH\Views\add.php on line 9.
 1 APPPATH\Views\add.php(9): CodeIgniter\Debug\Exceptions->errorHandler(2, 'Undefined property: CodeIgniter\\View\\View::$main', 'C:\\laragon\\www\\buninoun\\app\\Views\\add.php', 9)
 2 SYSTEMPATH\View\View.php(226): include('C:\\laragon\\www\\buninoun\\app\\Views\\add.php')
 3 SYSTEMPATH\View\View.php(229): CodeIgniter\View\View->CodeIgniter\View\{closure}()
 4 SYSTEMPATH\Common.php(1188): CodeIgniter\View\View->render('add', [], true)
 5 APPPATH\Controllers\MainController.php(25): view('add')
 6 SYSTEMPATH\CodeIgniter.php(919): App\Controllers\MainController->add()
 7 SYSTEMPATH\CodeIgniter.php(494): CodeIgniter\CodeIgniter->runController(Object(App\Controllers\MainController))
 8 SYSTEMPATH\CodeIgniter.php(353): CodeIgniter\CodeIgniter->handleRequest(null, Object(Config\Cache), false)
 9 FCPATH\index.php(79): CodeIgniter\CodeIgniter->run()
10 SYSTEMPATH\Commands\Server\rewrite.php(47): require_once('C:\\laragon\\www\\buninoun\\public\\index.php')
CRITICAL - 2023-09-17 15:48:18 --> Undefined property: CodeIgniter\View\View::$main
in APPPATH\Views\add.php on line 9.
 1 APPPATH\Views\add.php(9): CodeIgniter\Debug\Exceptions->errorHandler(2, 'Undefined property: CodeIgniter\\View\\View::$main', 'C:\\laragon\\www\\buninoun\\app\\Views\\add.php', 9)
 2 SYSTEMPATH\View\View.php(226): include('C:\\laragon\\www\\buninoun\\app\\Views\\add.php')
 3 SYSTEMPATH\View\View.php(229): CodeIgniter\View\View->CodeIgniter\View\{closure}()
 4 SYSTEMPATH\Common.php(1188): CodeIgniter\View\View->render('add', [], true)
 5 APPPATH\Controllers\MainController.php(25): view('add')
 6 SYSTEMPATH\CodeIgniter.php(919): App\Controllers\MainController->add()
 7 SYSTEMPATH\CodeIgniter.php(494): CodeIgniter\CodeIgniter->runController(Object(App\Controllers\MainController))
 8 SYSTEMPATH\CodeIgniter.php(353): CodeIgniter\CodeIgniter->handleRequest(null, Object(Config\Cache), false)
 9 FCPATH\index.php(79): CodeIgniter\CodeIgniter->run()
10 SYSTEMPATH\Commands\Server\rewrite.php(47): require_once('C:\\laragon\\www\\buninoun\\public\\index.php')
CRITICAL - 2023-09-17 15:48:23 --> Undefined variable $main
in APPPATH\Views\add.php on line 9.
 1 APPPATH\Views\add.php(9): CodeIgniter\Debug\Exceptions->errorHandler(2, 'Undefined variable $main', 'C:\\laragon\\www\\buninoun\\app\\Views\\add.php', 9)
 2 SYSTEMPATH\View\View.php(226): include('C:\\laragon\\www\\buninoun\\app\\Views\\add.php')
 3 SYSTEMPATH\View\View.php(229): CodeIgniter\View\View->CodeIgniter\View\{closure}()
 4 SYSTEMPATH\Common.php(1188): CodeIgniter\View\View->render('add', [], true)
 5 APPPATH\Controllers\MainController.php(25): view('add')
 6 SYSTEMPATH\CodeIgniter.php(919): App\Controllers\MainController->add()
 7 SYSTEMPATH\CodeIgniter.php(494): CodeIgniter\CodeIgniter->runController(Object(App\Controllers\MainController))
 8 SYSTEMPATH\CodeIgniter.php(353): CodeIgniter\CodeIgniter->handleRequest(null, Object(Config\Cache), false)
 9 FCPATH\index.php(79): CodeIgniter\CodeIgniter->run()
10 SYSTEMPATH\Commands\Server\rewrite.php(47): require_once('C:\\laragon\\www\\buninoun\\public\\index.php')
CRITICAL - 2023-09-17 15:48:25 --> Undefined variable $main
in APPPATH\Views\add.php on line 9.
 1 APPPATH\Views\add.php(9): CodeIgniter\Debug\Exceptions->errorHandler(2, 'Undefined variable $main', 'C:\\laragon\\www\\buninoun\\app\\Views\\add.php', 9)
 2 SYSTEMPATH\View\View.php(226): include('C:\\laragon\\www\\buninoun\\app\\Views\\add.php')
 3 SYSTEMPATH\View\View.php(229): CodeIgniter\View\View->CodeIgniter\View\{closure}()
 4 SYSTEMPATH\Common.php(1188): CodeIgniter\View\View->render('add', [], true)
 5 APPPATH\Controllers\MainController.php(25): view('add')
 6 SYSTEMPATH\CodeIgniter.php(919): App\Controllers\MainController->add()
 7 SYSTEMPATH\CodeIgniter.php(494): CodeIgniter\CodeIgniter->runController(Object(App\Controllers\MainController))
 8 SYSTEMPATH\CodeIgniter.php(353): CodeIgniter\CodeIgniter->handleRequest(null, Object(Config\Cache), false)
 9 FCPATH\index.php(79): CodeIgniter\CodeIgniter->run()
10 SYSTEMPATH\Commands\Server\rewrite.php(47): require_once('C:\\laragon\\www\\buninoun\\public\\index.php')
CRITICAL - 2023-09-17 15:49:09 --> Undefined variable $product
in APPPATH\Views\add.php on line 9.
 1 APPPATH\Views\add.php(9): CodeIgniter\Debug\Exceptions->errorHandler(2, 'Undefined variable $product', 'C:\\laragon\\www\\buninoun\\app\\Views\\add.php', 9)
 2 SYSTEMPATH\View\View.php(226): include('C:\\laragon\\www\\buninoun\\app\\Views\\add.php')
 3 SYSTEMPATH\View\View.php(229): CodeIgniter\View\View->CodeIgniter\View\{closure}()
 4 SYSTEMPATH\Common.php(1188): CodeIgniter\View\View->render('add', [], true)
 5 APPPATH\Controllers\MainController.php(25): view('add')
 6 SYSTEMPATH\CodeIgniter.php(919): App\Controllers\MainController->add()
 7 SYSTEMPATH\CodeIgniter.php(494): CodeIgniter\CodeIgniter->runController(Object(App\Controllers\MainController))
 8 SYSTEMPATH\CodeIgniter.php(353): CodeIgniter\CodeIgniter->handleRequest(null, Object(Config\Cache), false)
 9 FCPATH\index.php(79): CodeIgniter\CodeIgniter->run()
10 SYSTEMPATH\Commands\Server\rewrite.php(47): require_once('C:\\laragon\\www\\buninoun\\public\\index.php')
CRITICAL - 2023-09-17 15:50:34 --> Undefined property: CodeIgniter\View\View::$main
in APPPATH\Views\add.php on line 9.
 1 APPPATH\Views\add.php(9): CodeIgniter\Debug\Exceptions->errorHandler(2, 'Undefined property: CodeIgniter\\View\\View::$main', 'C:\\laragon\\www\\buninoun\\app\\Views\\add.php', 9)
 2 SYSTEMPATH\View\View.php(226): include('C:\\laragon\\www\\buninoun\\app\\Views\\add.php')
 3 SYSTEMPATH\View\View.php(229): CodeIgniter\View\View->CodeIgniter\View\{closure}()
 4 SYSTEMPATH\Common.php(1188): CodeIgniter\View\View->render('add', [], true)
 5 APPPATH\Controllers\MainController.php(25): view('add')
 6 SYSTEMPATH\CodeIgniter.php(919): App\Controllers\MainController->add()
 7 SYSTEMPATH\CodeIgniter.php(494): CodeIgniter\CodeIgniter->runController(Object(App\Controllers\MainController))
 8 SYSTEMPATH\CodeIgniter.php(353): CodeIgniter\CodeIgniter->handleRequest(null, Object(Config\Cache), false)
 9 FCPATH\index.php(79): CodeIgniter\CodeIgniter->run()
10 SYSTEMPATH\Commands\Server\rewrite.php(47): require_once('C:\\laragon\\www\\buninoun\\public\\index.php')
CRITICAL - 2023-09-17 15:52:38 --> Undefined variable $main
in APPPATH\Views\add.php on line 9.
 1 APPPATH\Views\add.php(9): CodeIgniter\Debug\Exceptions->errorHandler(2, 'Undefined variable $main', 'C:\\laragon\\www\\buninoun\\app\\Views\\add.php', 9)
 2 SYSTEMPATH\View\View.php(226): include('C:\\laragon\\www\\buninoun\\app\\Views\\add.php')
 3 SYSTEMPATH\View\View.php(229): CodeIgniter\View\View->CodeIgniter\View\{closure}()
 4 SYSTEMPATH\Common.php(1188): CodeIgniter\View\View->render('add', [], true)
 5 APPPATH\Controllers\MainController.php(25): view('add')
 6 SYSTEMPATH\CodeIgniter.php(919): App\Controllers\MainController->add()
 7 SYSTEMPATH\CodeIgniter.php(494): CodeIgniter\CodeIgniter->runController(Object(App\Controllers\MainController))
 8 SYSTEMPATH\CodeIgniter.php(353): CodeIgniter\CodeIgniter->handleRequest(null, Object(Config\Cache), false)
 9 FCPATH\index.php(79): CodeIgniter\CodeIgniter->run()
10 SYSTEMPATH\Commands\Server\rewrite.php(47): require_once('C:\\laragon\\www\\buninoun\\public\\index.php')
CRITICAL - 2023-09-17 15:54:14 --> Undefined variable $main
in APPPATH\Views\add.php on line 9.
 1 APPPATH\Views\add.php(9): CodeIgniter\Debug\Exceptions->errorHandler(2, 'Undefined variable $main', 'C:\\laragon\\www\\buninoun\\app\\Views\\add.php', 9)
 2 SYSTEMPATH\View\View.php(226): include('C:\\laragon\\www\\buninoun\\app\\Views\\add.php')
 3 SYSTEMPATH\View\View.php(229): CodeIgniter\View\View->CodeIgniter\View\{closure}()
 4 SYSTEMPATH\Common.php(1188): CodeIgniter\View\View->render('add', [], true)
 5 APPPATH\Controllers\MainController.php(25): view('add')
 6 SYSTEMPATH\CodeIgniter.php(919): App\Controllers\MainController->add()
 7 SYSTEMPATH\CodeIgniter.php(494): CodeIgniter\CodeIgniter->runController(Object(App\Controllers\MainController))
 8 SYSTEMPATH\CodeIgniter.php(353): CodeIgniter\CodeIgniter->handleRequest(null, Object(Config\Cache), false)
 9 FCPATH\index.php(79): CodeIgniter\CodeIgniter->run()
10 SYSTEMPATH\Commands\Server\rewrite.php(47): require_once('C:\\laragon\\www\\buninoun\\public\\index.php')
CRITICAL - 2023-09-17 15:55:14 --> Undefined variable $main
in APPPATH\Views\add.php on line 9.
 1 APPPATH\Views\add.php(9): CodeIgniter\Debug\Exceptions->errorHandler(2, 'Undefined variable $main', 'C:\\laragon\\www\\buninoun\\app\\Views\\add.php', 9)
 2 SYSTEMPATH\View\View.php(226): include('C:\\laragon\\www\\buninoun\\app\\Views\\add.php')
 3 SYSTEMPATH\View\View.php(229): CodeIgniter\View\View->CodeIgniter\View\{closure}()
 4 SYSTEMPATH\Common.php(1188): CodeIgniter\View\View->render('add', [], true)
 5 APPPATH\Controllers\MainController.php(25): view('add')
 6 SYSTEMPATH\CodeIgniter.php(919): App\Controllers\MainController->add()
 7 SYSTEMPATH\CodeIgniter.php(494): CodeIgniter\CodeIgniter->runController(Object(App\Controllers\MainController))
 8 SYSTEMPATH\CodeIgniter.php(353): CodeIgniter\CodeIgniter->handleRequest(null, Object(Config\Cache), false)
 9 FCPATH\index.php(79): CodeIgniter\CodeIgniter->run()
10 SYSTEMPATH\Commands\Server\rewrite.php(47): require_once('C:\\laragon\\www\\buninoun\\public\\index.php')
CRITICAL - 2023-09-17 15:55:16 --> Undefined variable $main
in APPPATH\Views\add.php on line 9.
 1 APPPATH\Views\add.php(9): CodeIgniter\Debug\Exceptions->errorHandler(2, 'Undefined variable $main', 'C:\\laragon\\www\\buninoun\\app\\Views\\add.php', 9)
 2 SYSTEMPATH\View\View.php(226): include('C:\\laragon\\www\\buninoun\\app\\Views\\add.php')
 3 SYSTEMPATH\View\View.php(229): CodeIgniter\View\View->CodeIgniter\View\{closure}()
 4 SYSTEMPATH\Common.php(1188): CodeIgniter\View\View->render('add', [], true)
 5 APPPATH\Controllers\MainController.php(25): view('add')
 6 SYSTEMPATH\CodeIgniter.php(919): App\Controllers\MainController->add()
 7 SYSTEMPATH\CodeIgniter.php(494): CodeIgniter\CodeIgniter->runController(Object(App\Controllers\MainController))
 8 SYSTEMPATH\CodeIgniter.php(353): CodeIgniter\CodeIgniter->handleRequest(null, Object(Config\Cache), false)
 9 FCPATH\index.php(79): CodeIgniter\CodeIgniter->run()
10 SYSTEMPATH\Commands\Server\rewrite.php(47): require_once('C:\\laragon\\www\\buninoun\\public\\index.php')
CRITICAL - 2023-09-17 15:55:24 --> Undefined variable $main
in APPPATH\Views\add.php on line 9.
 1 APPPATH\Views\add.php(9): CodeIgniter\Debug\Exceptions->errorHandler(2, 'Undefined variable $main', 'C:\\laragon\\www\\buninoun\\app\\Views\\add.php', 9)
 2 SYSTEMPATH\View\View.php(226): include('C:\\laragon\\www\\buninoun\\app\\Views\\add.php')
 3 SYSTEMPATH\View\View.php(229): CodeIgniter\View\View->CodeIgniter\View\{closure}()
 4 SYSTEMPATH\Common.php(1188): CodeIgniter\View\View->render('add', [], true)
 5 APPPATH\Controllers\MainController.php(25): view('add')
 6 SYSTEMPATH\CodeIgniter.php(919): App\Controllers\MainController->add()
 7 SYSTEMPATH\CodeIgniter.php(494): CodeIgniter\CodeIgniter->runController(Object(App\Controllers\MainController))
 8 SYSTEMPATH\CodeIgniter.php(353): CodeIgniter\CodeIgniter->handleRequest(null, Object(Config\Cache), false)
 9 FCPATH\index.php(79): CodeIgniter\CodeIgniter->run()
10 SYSTEMPATH\Commands\Server\rewrite.php(47): require_once('C:\\laragon\\www\\buninoun\\public\\index.php')
CRITICAL - 2023-09-17 15:57:10 --> Undefined variable $main
in APPPATH\Views\add.php on line 9.
 1 APPPATH\Views\add.php(9): CodeIgniter\Debug\Exceptions->errorHandler(2, 'Undefined variable $main', 'C:\\laragon\\www\\buninoun\\app\\Views\\add.php', 9)
 2 SYSTEMPATH\View\View.php(226): include('C:\\laragon\\www\\buninoun\\app\\Views\\add.php')
 3 SYSTEMPATH\View\View.php(229): CodeIgniter\View\View->CodeIgniter\View\{closure}()
 4 SYSTEMPATH\Common.php(1188): CodeIgniter\View\View->render('add', [], true)
 5 APPPATH\Controllers\MainController.php(25): view('add')
 6 SYSTEMPATH\CodeIgniter.php(919): App\Controllers\MainController->add()
 7 SYSTEMPATH\CodeIgniter.php(494): CodeIgniter\CodeIgniter->runController(Object(App\Controllers\MainController))
 8 SYSTEMPATH\CodeIgniter.php(353): CodeIgniter\CodeIgniter->handleRequest(null, Object(Config\Cache), false)
 9 FCPATH\index.php(79): CodeIgniter\CodeIgniter->run()
10 SYSTEMPATH\Commands\Server\rewrite.php(47): require_once('C:\\laragon\\www\\buninoun\\public\\index.php')
CRITICAL - 2023-09-17 15:57:51 --> Undefined variable $main
in APPPATH\Views\add.php on line 9.
 1 APPPATH\Views\add.php(9): CodeIgniter\Debug\Exceptions->errorHandler(2, 'Undefined variable $main', 'C:\\laragon\\www\\buninoun\\app\\Views\\add.php', 9)
 2 SYSTEMPATH\View\View.php(226): include('C:\\laragon\\www\\buninoun\\app\\Views\\add.php')
 3 SYSTEMPATH\View\View.php(229): CodeIgniter\View\View->CodeIgniter\View\{closure}()
 4 SYSTEMPATH\Common.php(1188): CodeIgniter\View\View->render('add', [], true)
 5 APPPATH\Controllers\MainController.php(25): view('add')
 6 SYSTEMPATH\CodeIgniter.php(919): App\Controllers\MainController->add()
 7 SYSTEMPATH\CodeIgniter.php(494): CodeIgniter\CodeIgniter->runController(Object(App\Controllers\MainController))
 8 SYSTEMPATH\CodeIgniter.php(353): CodeIgniter\CodeIgniter->handleRequest(null, Object(Config\Cache), false)
 9 FCPATH\index.php(79): CodeIgniter\CodeIgniter->run()
10 SYSTEMPATH\Commands\Server\rewrite.php(47): require_once('C:\\laragon\\www\\buninoun\\public\\index.php')
CRITICAL - 2023-09-17 16:01:32 --> Undefined variable $main
in APPPATH\Views\add.php on line 9.
 1 APPPATH\Views\add.php(9): CodeIgniter\Debug\Exceptions->errorHandler(2, 'Undefined variable $main', 'C:\\laragon\\www\\buninoun\\app\\Views\\add.php', 9)
 2 SYSTEMPATH\View\View.php(226): include('C:\\laragon\\www\\buninoun\\app\\Views\\add.php')
 3 SYSTEMPATH\View\View.php(229): CodeIgniter\View\View->CodeIgniter\View\{closure}()
 4 SYSTEMPATH\Common.php(1188): CodeIgniter\View\View->render('add', [], true)
 5 APPPATH\Controllers\MainController.php(25): view('add')
 6 SYSTEMPATH\CodeIgniter.php(919): App\Controllers\MainController->add()
 7 SYSTEMPATH\CodeIgniter.php(494): CodeIgniter\CodeIgniter->runController(Object(App\Controllers\MainController))
 8 SYSTEMPATH\CodeIgniter.php(353): CodeIgniter\CodeIgniter->handleRequest(null, Object(Config\Cache), false)
 9 FCPATH\index.php(79): CodeIgniter\CodeIgniter->run()
10 SYSTEMPATH\Commands\Server\rewrite.php(47): require_once('C:\\laragon\\www\\buninoun\\public\\index.php')
CRITICAL - 2023-09-17 16:11:38 --> Undefined variable $main
in APPPATH\Views\add.php on line 9.
 1 APPPATH\Views\add.php(9): CodeIgniter\Debug\Exceptions->errorHandler(2, 'Undefined variable $main', 'C:\\laragon\\www\\buninoun\\app\\Views\\add.php', 9)
 2 SYSTEMPATH\View\View.php(226): include('C:\\laragon\\www\\buninoun\\app\\Views\\add.php')
 3 SYSTEMPATH\View\View.php(229): CodeIgniter\View\View->CodeIgniter\View\{closure}()
 4 SYSTEMPATH\Common.php(1188): CodeIgniter\View\View->render('add', [], true)
 5 APPPATH\Controllers\MainController.php(25): view('add')
 6 SYSTEMPATH\CodeIgniter.php(919): App\Controllers\MainController->add()
 7 SYSTEMPATH\CodeIgniter.php(494): CodeIgniter\CodeIgniter->runController(Object(App\Controllers\MainController))
 8 SYSTEMPATH\CodeIgniter.php(353): CodeIgniter\CodeIgniter->handleRequest(null, Object(Config\Cache), false)
 9 FCPATH\index.php(79): CodeIgniter\CodeIgniter->run()
10 SYSTEMPATH\Commands\Server\rewrite.php(47): require_once('C:\\laragon\\www\\buninoun\\public\\index.php')
CRITICAL - 2023-09-17 16:11:39 --> Undefined variable $main
in APPPATH\Views\add.php on line 9.
 1 APPPATH\Views\add.php(9): CodeIgniter\Debug\Exceptions->errorHandler(2, 'Undefined variable $main', 'C:\\laragon\\www\\buninoun\\app\\Views\\add.php', 9)
 2 SYSTEMPATH\View\View.php(226): include('C:\\laragon\\www\\buninoun\\app\\Views\\add.php')
 3 SYSTEMPATH\View\View.php(229): CodeIgniter\View\View->CodeIgniter\View\{closure}()
 4 SYSTEMPATH\Common.php(1188): CodeIgniter\View\View->render('add', [], true)
 5 APPPATH\Controllers\MainController.php(25): view('add')
 6 SYSTEMPATH\CodeIgniter.php(919): App\Controllers\MainController->add()
 7 SYSTEMPATH\CodeIgniter.php(494): CodeIgniter\CodeIgniter->runController(Object(App\Controllers\MainController))
 8 SYSTEMPATH\CodeIgniter.php(353): CodeIgniter\CodeIgniter->handleRequest(null, Object(Config\Cache), false)
 9 FCPATH\index.php(79): CodeIgniter\CodeIgniter->run()
10 SYSTEMPATH\Commands\Server\rewrite.php(47): require_once('C:\\laragon\\www\\buninoun\\public\\index.php')
CRITICAL - 2023-09-17 16:13:46 --> Undefined variable $main
in APPPATH\Views\add.php on line 9.
 1 APPPATH\Views\add.php(9): CodeIgniter\Debug\Exceptions->errorHandler(2, 'Undefined variable $main', 'C:\\laragon\\www\\buninoun\\app\\Views\\add.php', 9)
 2 SYSTEMPATH\View\View.php(226): include('C:\\laragon\\www\\buninoun\\app\\Views\\add.php')
 3 SYSTEMPATH\View\View.php(229): CodeIgniter\View\View->CodeIgniter\View\{closure}()
 4 SYSTEMPATH\Common.php(1188): CodeIgniter\View\View->render('add', [], true)
 5 APPPATH\Controllers\MainController.php(25): view('add')
 6 SYSTEMPATH\CodeIgniter.php(919): App\Controllers\MainController->add()
 7 SYSTEMPATH\CodeIgniter.php(494): CodeIgniter\CodeIgniter->runController(Object(App\Controllers\MainController))
 8 SYSTEMPATH\CodeIgniter.php(353): CodeIgniter\CodeIgniter->handleRequest(null, Object(Config\Cache), false)
 9 FCPATH\index.php(79): CodeIgniter\CodeIgniter->run()
10 SYSTEMPATH\Commands\Server\rewrite.php(47): require_once('C:\\laragon\\www\\buninoun\\public\\index.php')
CRITICAL - 2023-09-17 16:13:47 --> Undefined variable $main
in APPPATH\Views\add.php on line 9.
 1 APPPATH\Views\add.php(9): CodeIgniter\Debug\Exceptions->errorHandler(2, 'Undefined variable $main', 'C:\\laragon\\www\\buninoun\\app\\Views\\add.php', 9)
 2 SYSTEMPATH\View\View.php(226): include('C:\\laragon\\www\\buninoun\\app\\Views\\add.php')
 3 SYSTEMPATH\View\View.php(229): CodeIgniter\View\View->CodeIgniter\View\{closure}()
 4 SYSTEMPATH\Common.php(1188): CodeIgniter\View\View->render('add', [], true)
 5 APPPATH\Controllers\MainController.php(25): view('add')
 6 SYSTEMPATH\CodeIgniter.php(919): App\Controllers\MainController->add()
 7 SYSTEMPATH\CodeIgniter.php(494): CodeIgniter\CodeIgniter->runController(Object(App\Controllers\MainController))
 8 SYSTEMPATH\CodeIgniter.php(353): CodeIgniter\CodeIgniter->handleRequest(null, Object(Config\Cache), false)
 9 FCPATH\index.php(79): CodeIgniter\CodeIgniter->run()
10 SYSTEMPATH\Commands\Server\rewrite.php(47): require_once('C:\\laragon\\www\\buninoun\\public\\index.php')
CRITICAL - 2023-09-17 16:13:48 --> Undefined variable $main
in APPPATH\Views\add.php on line 9.
 1 APPPATH\Views\add.php(9): CodeIgniter\Debug\Exceptions->errorHandler(2, 'Undefined variable $main', 'C:\\laragon\\www\\buninoun\\app\\Views\\add.php', 9)
 2 SYSTEMPATH\View\View.php(226): include('C:\\laragon\\www\\buninoun\\app\\Views\\add.php')
 3 SYSTEMPATH\View\View.php(229): CodeIgniter\View\View->CodeIgniter\View\{closure}()
 4 SYSTEMPATH\Common.php(1188): CodeIgniter\View\View->render('add', [], true)
 5 APPPATH\Controllers\MainController.php(25): view('add')
 6 SYSTEMPATH\CodeIgniter.php(919): App\Controllers\MainController->add()
 7 SYSTEMPATH\CodeIgniter.php(494): CodeIgniter\CodeIgniter->runController(Object(App\Controllers\MainController))
 8 SYSTEMPATH\CodeIgniter.php(353): CodeIgniter\CodeIgniter->handleRequest(null, Object(Config\Cache), false)
 9 FCPATH\index.php(79): CodeIgniter\CodeIgniter->run()
10 SYSTEMPATH\Commands\Server\rewrite.php(47): require_once('C:\\laragon\\www\\buninoun\\public\\index.php')
CRITICAL - 2023-09-17 16:17:21 --> syntax error, unexpected token ";", expecting "]"
in APPPATH\Controllers\MainController.php on line 44.
 1 SYSTEMPATH\Autoloader\Autoloader.php(285): CodeIgniter\Autoloader\Autoloader->includeFile('C:\\laragon\\www\\buninoun\\app\\Controllers\\MainController.php')
 2 SYSTEMPATH\Autoloader\Autoloader.php(263): CodeIgniter\Autoloader\Autoloader->loadInNamespace('App\\Controllers\\MainController')
 3 [internal function]: CodeIgniter\Autoloader\Autoloader->loadClass('App\\Controllers\\MainController')
 4 SYSTEMPATH\CodeIgniter.php(877): class_exists('\\App\\Controllers\\MainController', true)
 5 SYSTEMPATH\CodeIgniter.php(481): CodeIgniter\CodeIgniter->startController()
 6 SYSTEMPATH\CodeIgniter.php(353): CodeIgniter\CodeIgniter->handleRequest(null, Object(Config\Cache), false)
 7 FCPATH\index.php(79): CodeIgniter\CodeIgniter->run()
 8 SYSTEMPATH\Commands\Server\rewrite.php(47): require_once('C:\\laragon\\www\\buninoun\\public\\index.php')
CRITICAL - 2023-09-17 16:17:42 --> syntax error, unexpected token "=", expecting "]"
in APPPATH\Controllers\MainController.php on line 45.
 1 SYSTEMPATH\Autoloader\Autoloader.php(285): CodeIgniter\Autoloader\Autoloader->includeFile('C:\\laragon\\www\\buninoun\\app\\Controllers\\MainController.php')
 2 SYSTEMPATH\Autoloader\Autoloader.php(263): CodeIgniter\Autoloader\Autoloader->loadInNamespace('App\\Controllers\\MainController')
 3 [internal function]: CodeIgniter\Autoloader\Autoloader->loadClass('App\\Controllers\\MainController')
 4 SYSTEMPATH\CodeIgniter.php(877): class_exists('\\App\\Controllers\\MainController', true)
 5 SYSTEMPATH\CodeIgniter.php(481): CodeIgniter\CodeIgniter->startController()
 6 SYSTEMPATH\CodeIgniter.php(353): CodeIgniter\CodeIgniter->handleRequest(null, Object(Config\Cache), false)
 7 FCPATH\index.php(79): CodeIgniter\CodeIgniter->run()
 8 SYSTEMPATH\Commands\Server\rewrite.php(47): require_once('C:\\laragon\\www\\buninoun\\public\\index.php')
CRITICAL - 2023-09-17 16:18:00 --> Undefined variable $pro
in APPPATH\Views\add.php on line 9.
 1 APPPATH\Views\add.php(9): CodeIgniter\Debug\Exceptions->errorHandler(2, 'Undefined variable $pro', 'C:\\laragon\\www\\buninoun\\app\\Views\\add.php', 9)
 2 SYSTEMPATH\View\View.php(226): include('C:\\laragon\\www\\buninoun\\app\\Views\\add.php')
 3 SYSTEMPATH\View\View.php(229): CodeIgniter\View\View->CodeIgniter\View\{closure}()
 4 SYSTEMPATH\Common.php(1188): CodeIgniter\View\View->render('add', [], true)
 5 APPPATH\Controllers\MainController.php(25): view('add')
 6 SYSTEMPATH\CodeIgniter.php(919): App\Controllers\MainController->add()
 7 SYSTEMPATH\CodeIgniter.php(494): CodeIgniter\CodeIgniter->runController(Object(App\Controllers\MainController))
 8 SYSTEMPATH\CodeIgniter.php(353): CodeIgniter\CodeIgniter->handleRequest(null, Object(Config\Cache), false)
 9 FCPATH\index.php(79): CodeIgniter\CodeIgniter->run()
10 SYSTEMPATH\Commands\Server\rewrite.php(47): require_once('C:\\laragon\\www\\buninoun\\public\\index.php')
