CRITICAL - 2023-09-16 12:56:54 --> Array to string conversion
in APPPATH\Controllers\MainController.php on line 14.
 1 APPPATH\Controllers\MainController.php(14): CodeIgniter\Debug\Exceptions->errorHandler(2, 'Array to string conversion', 'C:\\laragon\\www\\buninoun\\app\\Controllers\\MainController.php', 14)
 2 SYSTEMPATH\CodeIgniter.php(919): App\Controllers\MainController->index()
 3 SYSTEMPATH\CodeIgniter.php(494): CodeIgniter\CodeIgniter->runController(Object(App\Controllers\MainController))
 4 SYSTEMPATH\CodeIgniter.php(353): CodeIgniter\CodeIgniter->handleRequest(null, Object(Config\Cache), false)
 5 FCPATH\index.php(79): CodeIgniter\CodeIgniter->run()
 6 SYSTEMPATH\Commands\Server\rewrite.php(47): require_once('C:\\laragon\\www\\buninoun\\public\\index.php')
CRITICAL - 2023-09-16 17:58:40 --> syntax error, unexpected identifier "view"
in APPPATH\Controllers\MainController.php on line 11.
 1 SYSTEMPATH\Autoloader\Autoloader.php(285): CodeIgniter\Autoloader\Autoloader->includeFile('C:\\laragon\\www\\buninoun\\app\\Controllers\\MainController.php')
 2 SYSTEMPATH\Autoloader\Autoloader.php(263): CodeIgniter\Autoloader\Autoloader->loadInNamespace('App\\Controllers\\MainController')
 3 [internal function]: CodeIgniter\Autoloader\Autoloader->loadClass('App\\Controllers\\MainController')
 4 SYSTEMPATH\CodeIgniter.php(877): class_exists('\\App\\Controllers\\MainController', true)
 5 SYSTEMPATH\CodeIgniter.php(481): CodeIgniter\CodeIgniter->startController()
 6 SYSTEMPATH\CodeIgniter.php(353): CodeIgniter\CodeIgniter->handleRequest(null, Object(Config\Cache), false)
 7 FCPATH\index.php(79): CodeIgniter\CodeIgniter->run()
 8 SYSTEMPATH\Commands\Server\rewrite.php(47): require_once('C:\\laragon\\www\\buninoun\\public\\index.php')
CRITICAL - 2023-09-16 17:58:49 --> Invalid file: "add.php"
in SYSTEMPATH\Exceptions\FrameworkException.php on line 39.
 1 SYSTEMPATH\View\View.php(214): CodeIgniter\Exceptions\FrameworkException::forInvalidFile('add.php')
 2 SYSTEMPATH\Common.php(1188): CodeIgniter\View\View->render('add', [], true)
 3 APPPATH\Controllers\MainController.php(11): view('add')
 4 SYSTEMPATH\CodeIgniter.php(919): App\Controllers\MainController->add()
 5 SYSTEMPATH\CodeIgniter.php(494): CodeIgniter\CodeIgniter->runController(Object(App\Controllers\MainController))
 6 SYSTEMPATH\CodeIgniter.php(353): CodeIgniter\CodeIgniter->handleRequest(null, Object(Config\Cache), false)
 7 FCPATH\index.php(79): CodeIgniter\CodeIgniter->run()
 8 SYSTEMPATH\Commands\Server\rewrite.php(47): require_once('C:\\laragon\\www\\buninoun\\public\\index.php')
CRITICAL - 2023-09-16 18:15:30 --> Invalid file: "save.php"
in SYSTEMPATH\Exceptions\FrameworkException.php on line 39.
 1 SYSTEMPATH\View\View.php(214): CodeIgniter\Exceptions\FrameworkException::forInvalidFile('save.php')
 2 SYSTEMPATH\Common.php(1188): CodeIgniter\View\View->render('save', [], true)
 3 APPPATH\Controllers\MainController.php(11): view('save')
 4 SYSTEMPATH\CodeIgniter.php(919): App\Controllers\MainController->save()
 5 SYSTEMPATH\CodeIgniter.php(494): CodeIgniter\CodeIgniter->runController(Object(App\Controllers\MainController))
 6 SYSTEMPATH\CodeIgniter.php(353): CodeIgniter\CodeIgniter->handleRequest(null, Object(Config\Cache), false)
 7 FCPATH\index.php(79): CodeIgniter\CodeIgniter->run()
 8 SYSTEMPATH\Commands\Server\rewrite.php(47): require_once('C:\\laragon\\www\\buninoun\\public\\index.php')
CRITICAL - 2023-09-16 18:17:08 --> syntax error, unexpected token "="
in APPPATH\Controllers\MainController.php on line 12.
 1 SYSTEMPATH\Autoloader\Autoloader.php(285): CodeIgniter\Autoloader\Autoloader->includeFile('C:\\laragon\\www\\buninoun\\app\\Controllers\\MainController.php')
 2 SYSTEMPATH\Autoloader\Autoloader.php(263): CodeIgniter\Autoloader\Autoloader->loadInNamespace('App\\Controllers\\MainController')
 3 [internal function]: CodeIgniter\Autoloader\Autoloader->loadClass('App\\Controllers\\MainController')
 4 SYSTEMPATH\CodeIgniter.php(877): class_exists('\\App\\Controllers\\MainController', true)
 5 SYSTEMPATH\CodeIgniter.php(481): CodeIgniter\CodeIgniter->startController()
 6 SYSTEMPATH\CodeIgniter.php(353): CodeIgniter\CodeIgniter->handleRequest(null, Object(Config\Cache), false)
 7 FCPATH\index.php(79): CodeIgniter\CodeIgniter->run()
 8 SYSTEMPATH\Commands\Server\rewrite.php(47): require_once('C:\\laragon\\www\\buninoun\\public\\index.php')
CRITICAL - 2023-09-16 18:22:11 --> syntax error, unexpected token "=", expecting "]"
in APPPATH\Controllers\MainController.php on line 12.
 1 SYSTEMPATH\Autoloader\Autoloader.php(285): CodeIgniter\Autoloader\Autoloader->includeFile('C:\\laragon\\www\\buninoun\\app\\Controllers\\MainController.php')
 2 SYSTEMPATH\Autoloader\Autoloader.php(263): CodeIgniter\Autoloader\Autoloader->loadInNamespace('App\\Controllers\\MainController')
 3 [internal function]: CodeIgniter\Autoloader\Autoloader->loadClass('App\\Controllers\\MainController')
 4 SYSTEMPATH\CodeIgniter.php(877): class_exists('\\App\\Controllers\\MainController', true)
 5 SYSTEMPATH\CodeIgniter.php(481): CodeIgniter\CodeIgniter->startController()
 6 SYSTEMPATH\CodeIgniter.php(353): CodeIgniter\CodeIgniter->handleRequest(null, Object(Config\Cache), false)
 7 FCPATH\index.php(79): CodeIgniter\CodeIgniter->run()
 8 SYSTEMPATH\Commands\Server\rewrite.php(47): require_once('C:\\laragon\\www\\buninoun\\public\\index.php')
